2026-03-03 10:55:03: [2026-03-03 10:55:03.374877] 🚀 ETL Process Started.
2026-03-03 10:55:03: [2026-03-03 10:55:03.374940] 📥 Extracting data from source...
2026-03-03 10:55:05: [2026-03-03 10:55:05.378363] ⚙️  Transforming data (applying tax)...
2026-03-03 10:55:08: [2026-03-03 10:55:08.381476] 💾 Loading data into destination...
2026-03-03 10:55:10: [2026-03-03 10:55:10.384787] ✅ ETL Process Completed Successfully.
2026-03-03 10:55:10: 
2026-03-03 10:56:00: [2026-03-03 10:56:00.117859] 🚀 ETL Process Started.
2026-03-03 10:56:00: [2026-03-03 10:56:00.117909] 📥 Extracting data from source...
2026-03-03 10:56:02: [2026-03-03 10:56:02.122205] ⚙️  Transforming data (applying tax)...
2026-03-03 10:56:05: [2026-03-03 10:56:05.123531] 💾 Loading data into destination...
2026-03-03 10:56:07: [2026-03-03 10:56:07.130959] ✅ ETL Process Completed Successfully.
2026-03-03 10:56:07: 
2026-03-03 10:58:00: [2026-03-03 10:58:00.087147] 🚀 ETL Process Started.
2026-03-03 10:58:00: [2026-03-03 10:58:00.087193] 📥 Extracting data from source...
2026-03-03 10:58:02: [2026-03-03 10:58:02.087448] ⚙️  Transforming data (applying tax)...
2026-03-03 10:58:05: [2026-03-03 10:58:05.089460] 💾 Loading data into destination...
2026-03-03 10:58:07: [2026-03-03 10:58:07.095297] ✅ ETL Process Completed Successfully.
2026-03-03 10:58:07: 
2026-03-03 11:00:00: [2026-03-03 11:00:00.055989] 🚀 ETL Process Started.
2026-03-03 11:00:00: [2026-03-03 11:00:00.056034] 📥 Extracting data from source...
2026-03-03 11:00:02: [2026-03-03 11:00:02.057312] ⚙️  Transforming data (applying tax)...
2026-03-03 11:00:05: [2026-03-03 11:00:05.062498] 💾 Loading data into destination...
2026-03-03 11:00:07: [2026-03-03 11:00:07.068072] ✅ ETL Process Completed Successfully.
2026-03-03 11:00:07: 
2026-03-03 11:02:00: [2026-03-03 11:02:00.099939] 🚀 ETL Process Started.
2026-03-03 11:02:00: [2026-03-03 11:02:00.100060] 📥 Extracting data from source...
2026-03-03 11:02:02: [2026-03-03 11:02:02.104654] ⚙️  Transforming data (applying tax)...
2026-03-03 11:02:05: [2026-03-03 11:02:05.105900] 💾 Loading data into destination...
2026-03-03 11:02:07: [2026-03-03 11:02:07.114060] ✅ ETL Process Completed Successfully.
2026-03-03 11:02:07: 
2026-03-03 11:04:00: [2026-03-03 11:04:00.053730] 🚀 ETL Process Started.
2026-03-03 11:04:00: 
2026-03-03 11:04:00: [2026-03-03 11:04:00.053806] 📥 Extracting data from source...
2026-03-03 11:04:02: [2026-03-03 11:04:02.055035] ⚙️  Transforming data (applying tax)...
2026-03-03 11:04:02: 
2026-03-03 11:04:05: [2026-03-03 11:04:05.119781] 💾 Loading data into destination...
2026-03-03 11:04:07: [2026-03-03 11:04:07.122878] ✅ ETL Process Completed Successfully.
2026-03-03 11:04:07: 
2026-03-03 11:06:00: [2026-03-03 11:06:00.129653] 🚀 ETL Process Started.
2026-03-03 11:06:00: [2026-03-03 11:06:00.129701] 📥 Extracting data from source...
2026-03-03 11:06:02: [2026-03-03 11:06:02.129929] ⚙️  Transforming data (applying tax)...
2026-03-03 11:06:02: 
2026-03-03 11:06:05: [2026-03-03 11:06:05.131417] 💾 Loading data into destination...
2026-03-03 11:06:07: [2026-03-03 11:06:07.135155] ✅ ETL Process Completed Successfully.
2026-03-03 11:06:07: 
2026-03-03 11:08:00: [2026-03-03 11:08:00.093522] 🚀 ETL Process Started.
2026-03-03 11:08:00: [2026-03-03 11:08:00.093575] 📥 Extracting data from source...
2026-03-03 11:08:02: [2026-03-03 11:08:02.094728] ⚙️  Transforming data (applying tax)...
2026-03-03 11:08:05: [2026-03-03 11:08:05.097922] 💾 Loading data into destination...
2026-03-03 11:08:07: [2026-03-03 11:08:07.106333] ✅ ETL Process Completed Successfully.
2026-03-03 11:08:07: 
2026-03-03 11:10:00: [2026-03-03 11:10:00.114498] 🚀 ETL Process Started.
2026-03-03 11:10:00: [2026-03-03 11:10:00.114551] 📥 Extracting data from source...
2026-03-03 11:10:02: [2026-03-03 11:10:02.119800] ⚙️  Transforming data (applying tax)...
2026-03-03 11:10:05: [2026-03-03 11:10:05.123490] 💾 Loading data into destination...
2026-03-03 11:10:07: [2026-03-03 11:10:07.127453] ✅ ETL Process Completed Successfully.
2026-03-03 11:10:07: 
2026-03-03 11:12:00: [2026-03-03 11:12:00.051810] 🚀 ETL Process Started.
2026-03-03 11:12:00: [2026-03-03 11:12:00.051854] 📥 Extracting data from source...
2026-03-03 11:12:02: [2026-03-03 11:12:02.052603] ⚙️  Transforming data (applying tax)...
2026-03-03 11:12:05: [2026-03-03 11:12:05.057651] 💾 Loading data into destination...
2026-03-03 11:12:07: [2026-03-03 11:12:07.058956] ✅ ETL Process Completed Successfully.
2026-03-03 11:12:07: 
2026-03-03 11:14:00: [2026-03-03 11:14:00.079044] 🚀 ETL Process Started.
2026-03-03 11:14:00: [2026-03-03 11:14:00.079089] 📥 Extracting data from source...
2026-03-03 11:14:02: [2026-03-03 11:14:02.082862] ⚙️  Transforming data (applying tax)...
2026-03-03 11:14:05: [2026-03-03 11:14:05.086051] 💾 Loading data into destination...
2026-03-03 11:14:07: [2026-03-03 11:14:07.092242] ✅ ETL Process Completed Successfully.
2026-03-03 11:14:07: 
2026-03-03 11:16:00: [2026-03-03 11:16:00.066455] 🚀 ETL Process Started.
2026-03-03 11:16:00: [2026-03-03 11:16:00.066509] 📥 Extracting data from source...
2026-03-03 11:16:02: [2026-03-03 11:16:02.070829] ⚙️  Transforming data (applying tax)...
2026-03-03 11:16:05: [2026-03-03 11:16:05.075855] 💾 Loading data into destination...
2026-03-03 11:16:07: [2026-03-03 11:16:07.081456] ✅ ETL Process Completed Successfully.
2026-03-03 11:16:07: 
2026-03-03 11:18:00: [2026-03-03 11:18:00.074244] 🚀 ETL Process Started.
2026-03-03 11:18:00: [2026-03-03 11:18:00.074291] 📥 Extracting data from source...
2026-03-03 11:18:02: [2026-03-03 11:18:02.074416] ⚙️  Transforming data (applying tax)...
2026-03-03 11:18:05: [2026-03-03 11:18:05.074706] 💾 Loading data into destination...
2026-03-03 11:18:07: [2026-03-03 11:18:07.075615] ✅ ETL Process Completed Successfully.
2026-03-03 11:18:07: 
2026-03-03 11:20:00: [2026-03-03 11:20:00.084579] 🚀 ETL Process Started.
2026-03-03 11:20:00: [2026-03-03 11:20:00.084629] 📥 Extracting data from source...
2026-03-03 11:20:02: [2026-03-03 11:20:02.086470] ⚙️  Transforming data (applying tax)...
2026-03-03 11:20:05: [2026-03-03 11:20:05.088602] 💾 Loading data into destination...
2026-03-03 11:20:07: [2026-03-03 11:20:07.089735] ✅ ETL Process Completed Successfully.
2026-03-03 11:20:07: 
2026-03-03 11:22:00: [2026-03-03 11:22:00.098292] 🚀 ETL Process Started.
2026-03-03 11:22:00: [2026-03-03 11:22:00.098339] 📥 Extracting data from source...
2026-03-03 11:22:02: [2026-03-03 11:22:02.101693] ⚙️  Transforming data (applying tax)...
2026-03-03 11:22:05: [2026-03-03 11:22:05.106647] 💾 Loading data into destination...
2026-03-03 11:22:07: [2026-03-03 11:22:07.109689] ✅ ETL Process Completed Successfully.
2026-03-03 11:22:07: 
2026-03-03 11:24:00: [2026-03-03 11:24:00.088566] 🚀 ETL Process Started.
2026-03-03 11:24:00: [2026-03-03 11:24:00.088614] 📥 Extracting data from source...
2026-03-03 11:24:02: [2026-03-03 11:24:02.091302] ⚙️  Transforming data (applying tax)...
2026-03-03 11:24:05: [2026-03-03 11:24:05.096089] 💾 Loading data into destination...
2026-03-03 11:24:07: [2026-03-03 11:24:07.099887] ✅ ETL Process Completed Successfully.
2026-03-03 11:24:07: 
2026-03-03 11:26:00: [2026-03-03 11:26:00.114612] 🚀 ETL Process Started.
2026-03-03 11:26:00: [2026-03-03 11:26:00.115670] 📥 Extracting data from source...
2026-03-03 11:26:02: [2026-03-03 11:26:02.120705] ⚙️  Transforming data (applying tax)...
2026-03-03 11:26:05: [2026-03-03 11:26:05.125777] 💾 Loading data into destination...
2026-03-03 11:26:07: [2026-03-03 11:26:07.134780] ✅ ETL Process Completed Successfully.
2026-03-03 11:26:07: 
2026-03-03 11:28:00: [2026-03-03 11:28:00.053266] 🚀 ETL Process Started.
2026-03-03 11:28:00: [2026-03-03 11:28:00.053312] 📥 Extracting data from source...
2026-03-03 11:28:02: [2026-03-03 11:28:02.055306] ⚙️  Transforming data (applying tax)...
2026-03-03 11:28:05: [2026-03-03 11:28:05.058412] 💾 Loading data into destination...
2026-03-03 11:28:07: [2026-03-03 11:28:07.064669] ✅ ETL Process Completed Successfully.
2026-03-03 11:28:07: 
2026-03-03 11:30:00: [2026-03-03 11:30:00.082482] 🚀 ETL Process Started.
2026-03-03 11:30:00: [2026-03-03 11:30:00.082530] 📥 Extracting data from source...
2026-03-03 11:30:02: [2026-03-03 11:30:02.084567] ⚙️  Transforming data (applying tax)...
2026-03-03 11:30:02: 
2026-03-03 11:30:05: [2026-03-03 11:30:05.088298] 💾 Loading data into destination...
2026-03-03 11:30:07: [2026-03-03 11:30:07.096149] ✅ ETL Process Completed Successfully.
2026-03-03 11:30:07: 
2026-03-03 11:32:00: [2026-03-03 11:32:00.052598] 🚀 ETL Process Started.
2026-03-03 11:32:00: [2026-03-03 11:32:00.052643] 📥 Extracting data from source...
2026-03-03 11:32:02: [2026-03-03 11:32:02.053248] ⚙️  Transforming data (applying tax)...
2026-03-03 11:32:05: [2026-03-03 11:32:05.056469] 💾 Loading data into destination...
2026-03-03 11:32:07: [2026-03-03 11:32:07.060875] ✅ ETL Process Completed Successfully.
2026-03-03 11:32:07: 
2026-03-03 11:34:00: [2026-03-03 11:34:00.096365] 🚀 ETL Process Started.
2026-03-03 11:34:00: [2026-03-03 11:34:00.096412] 📥 Extracting data from source...
2026-03-03 11:34:02: [2026-03-03 11:34:02.098920] ⚙️  Transforming data (applying tax)...
2026-03-03 11:34:05: [2026-03-03 11:34:05.102871] 💾 Loading data into destination...
2026-03-03 11:34:07: [2026-03-03 11:34:07.110604] ✅ ETL Process Completed Successfully.
2026-03-03 11:34:07: 
2026-03-03 11:36:00: [2026-03-03 11:36:00.093120] 🚀 ETL Process Started.
2026-03-03 11:36:00: [2026-03-03 11:36:00.093165] 📥 Extracting data from source...
2026-03-03 11:36:02: [2026-03-03 11:36:02.093479] ⚙️  Transforming data (applying tax)...
2026-03-03 11:36:05: [2026-03-03 11:36:05.094031] 💾 Loading data into destination...
2026-03-03 11:36:07: [2026-03-03 11:36:07.101920] ✅ ETL Process Completed Successfully.
2026-03-03 11:36:07: 
2026-03-03 11:38:00: [2026-03-03 11:38:00.085946] 🚀 ETL Process Started.
2026-03-03 11:38:00: [2026-03-03 11:38:00.085996] 📥 Extracting data from source...
2026-03-03 11:38:02: [2026-03-03 11:38:02.086556] ⚙️  Transforming data (applying tax)...
2026-03-03 11:38:05: [2026-03-03 11:38:05.091936] 💾 Loading data into destination...
2026-03-03 11:38:07: [2026-03-03 11:38:07.096370] ✅ ETL Process Completed Successfully.
2026-03-03 11:38:07: 
2026-03-03 11:40:00: [2026-03-03 11:40:00.287408] 🚀 ETL Process Started.
2026-03-03 11:40:00: [2026-03-03 11:40:00.287460] 📥 Extracting data from source...
2026-03-03 11:40:02: [2026-03-03 11:40:02.290245] ⚙️  Transforming data (applying tax)...
2026-03-03 11:40:05: [2026-03-03 11:40:05.294326] 💾 Loading data into destination...
2026-03-03 11:40:07: [2026-03-03 11:40:07.300242] ✅ ETL Process Completed Successfully.
2026-03-03 11:40:07: 
2026-03-03 11:42:00: [2026-03-03 11:42:00.081749] 🚀 ETL Process Started.
2026-03-03 11:42:00: 
2026-03-03 11:42:00: [2026-03-03 11:42:00.082555] 📥 Extracting data from source...
2026-03-03 11:42:02: [2026-03-03 11:42:02.083322] ⚙️  Transforming data (applying tax)...
2026-03-03 11:42:05: [2026-03-03 11:42:05.088680] 💾 Loading data into destination...
2026-03-03 11:42:07: [2026-03-03 11:42:07.091908] ✅ ETL Process Completed Successfully.
2026-03-03 11:42:07: 
2026-03-03 11:44:00: [2026-03-03 11:44:00.054758] 🚀 ETL Process Started.
2026-03-03 11:44:00: [2026-03-03 11:44:00.054803] 📥 Extracting data from source...
2026-03-03 11:44:02: [2026-03-03 11:44:02.056821] ⚙️  Transforming data (applying tax)...
2026-03-03 11:44:05: [2026-03-03 11:44:05.058049] 💾 Loading data into destination...
2026-03-03 11:44:05: 
2026-03-03 11:44:07: [2026-03-03 11:44:07.063775] ✅ ETL Process Completed Successfully.
2026-03-03 11:44:07: 
2026-03-03 11:46:00: [2026-03-03 11:46:00.223269] 🚀 ETL Process Started.
2026-03-03 11:46:00: 
2026-03-03 11:46:02: [2026-03-03 11:46:02.227473] ⚙️  Transforming data (applying tax)...
2026-03-03 11:46:02: 
2026-03-03 11:46:05: [2026-03-03 11:46:05.232200] 💾 Loading data into destination...
2026-03-03 11:46:07: [2026-03-03 11:46:07.276862] ✅ ETL Process Completed Successfully.
2026-03-03 11:46:07: 
2026-03-03 11:48:00: [2026-03-03 11:48:00.142419] 🚀 ETL Process Started.
2026-03-03 11:48:00: 
2026-03-03 11:48:00: [2026-03-03 11:48:00.142813] 📥 Extracting data from source...
2026-03-03 11:48:02: [2026-03-03 11:48:02.143854] ⚙️  Transforming data (applying tax)...
2026-03-03 11:48:05: [2026-03-03 11:48:05.146845] 💾 Loading data into destination...
2026-03-03 11:48:07: [2026-03-03 11:48:07.153326] ✅ ETL Process Completed Successfully.
2026-03-03 11:48:07: 
2026-03-03 11:50:02: [2026-03-03 11:50:02.441836] 🚀 ETL Process Started.
2026-03-03 11:50:02: [2026-03-03 11:50:02.442234] 📥 Extracting data from source...
2026-03-03 11:50:04: [2026-03-03 11:50:04.446892] ⚙️  Transforming data (applying tax)...
2026-03-03 11:50:07: [2026-03-03 11:50:07.455884] 💾 Loading data into destination...
2026-03-03 11:50:09: [2026-03-03 11:50:09.486339] ✅ ETL Process Completed Successfully.
2026-03-03 11:50:09: 
2026-03-03 11:52:00: [2026-03-03 11:52:00.162012] 🚀 ETL Process Started.
2026-03-03 11:52:00: [2026-03-03 11:52:00.162120] 📥 Extracting data from source...
2026-03-03 11:52:02: [2026-03-03 11:52:02.162830] ⚙️  Transforming data (applying tax)...
2026-03-03 11:52:05: [2026-03-03 11:52:05.167443] 💾 Loading data into destination...
2026-03-03 11:52:07: [2026-03-03 11:52:07.172687] ✅ ETL Process Completed Successfully.
2026-03-03 11:52:07: 
2026-03-03 11:54:00: [2026-03-03 11:54:00.073878] 🚀 ETL Process Started.
2026-03-03 11:54:00: [2026-03-03 11:54:00.073940] 📥 Extracting data from source...
2026-03-03 11:54:02: [2026-03-03 11:54:02.077947] ⚙️  Transforming data (applying tax)...
2026-03-03 11:54:05: [2026-03-03 11:54:05.083155] 💾 Loading data into destination...
2026-03-03 11:54:07: [2026-03-03 11:54:07.089813] ✅ ETL Process Completed Successfully.
2026-03-03 11:54:07: 
2026-03-03 11:56:00: [2026-03-03 11:56:00.207211] 🚀 ETL Process Started.
2026-03-03 11:56:00: [2026-03-03 11:56:00.207448] 📥 Extracting data from source...
2026-03-03 11:56:02: [2026-03-03 11:56:02.208883] ⚙️  Transforming data (applying tax)...
2026-03-03 11:56:05: [2026-03-03 11:56:05.209406] 💾 Loading data into destination...
2026-03-03 11:56:07: [2026-03-03 11:56:07.213574] ✅ ETL Process Completed Successfully.
2026-03-03 11:56:07: 
2026-03-03 11:58:00: [2026-03-03 11:58:00.148481] 🚀 ETL Process Started.
2026-03-03 11:58:00: [2026-03-03 11:58:00.148539] 📥 Extracting data from source...
2026-03-03 11:58:02: [2026-03-03 11:58:02.153395] ⚙️  Transforming data (applying tax)...
2026-03-03 11:58:02: 
2026-03-03 11:58:05: [2026-03-03 11:58:05.158786] 💾 Loading data into destination...
2026-03-03 11:58:05: 
2026-03-03 11:58:07: [2026-03-03 11:58:07.163995] ✅ ETL Process Completed Successfully.
2026-03-03 11:58:07: 
2026-03-03 12:01:15: [2026-03-03 12:00:44.078936] 🚀 ETL Process Started.
2026-03-03 12:01:15: [2026-03-03 12:00:44.079471] 📥 Extracting data from source...
2026-03-03 12:01:15: [2026-03-03 12:00:46.676653] ⚙️  Transforming data (applying tax)...
2026-03-03 12:01:15: [2026-03-03 12:00:50.646129] 💾 Loading data into destination...
2026-03-03 12:01:15: [2026-03-03 12:00:54.401035] ✅ ETL Process Completed Successfully.
2026-03-03 12:01:15: 
2026-03-03 12:02:00: [2026-03-03 12:02:00.052510] 🚀 ETL Process Started.
2026-03-03 12:02:00: [2026-03-03 12:02:00.052557] 📥 Extracting data from source...
2026-03-03 12:02:02: [2026-03-03 12:02:02.053078] ⚙️  Transforming data (applying tax)...
2026-03-03 12:02:05: [2026-03-03 12:02:05.058431] 💾 Loading data into destination...
2026-03-03 12:02:07: [2026-03-03 12:02:07.066002] ✅ ETL Process Completed Successfully.
2026-03-03 12:02:07: 
2026-03-03 12:04:00: [2026-03-03 12:04:00.059389] 🚀 ETL Process Started.
2026-03-03 12:04:00: [2026-03-03 12:04:00.059435] 📥 Extracting data from source...
2026-03-03 12:04:02: [2026-03-03 12:04:02.063550] ⚙️  Transforming data (applying tax)...
2026-03-03 12:04:05: [2026-03-03 12:04:05.064221] 💾 Loading data into destination...
2026-03-03 12:04:07: [2026-03-03 12:04:07.068869] ✅ ETL Process Completed Successfully.
2026-03-03 12:04:07: 
2026-03-03 12:06:00: [2026-03-03 12:06:00.064574] 🚀 ETL Process Started.
2026-03-03 12:06:00: [2026-03-03 12:06:00.064625] 📥 Extracting data from source...
2026-03-03 12:06:02: [2026-03-03 12:06:02.066133] ⚙️  Transforming data (applying tax)...
2026-03-03 12:06:05: [2026-03-03 12:06:05.068352] 💾 Loading data into destination...
2026-03-03 12:06:05: 
2026-03-03 12:06:07: [2026-03-03 12:06:07.075102] ✅ ETL Process Completed Successfully.
2026-03-03 12:06:07: 
2026-03-03 12:08:00: [2026-03-03 12:08:00.053865] 🚀 ETL Process Started.
2026-03-03 12:08:00: 
2026-03-03 12:08:00: [2026-03-03 12:08:00.053946] 📥 Extracting data from source...
2026-03-03 12:08:02: [2026-03-03 12:08:02.059189] ⚙️  Transforming data (applying tax)...
2026-03-03 12:08:05: [2026-03-03 12:08:05.063355] 💾 Loading data into destination...
2026-03-03 12:08:07: [2026-03-03 12:08:07.071216] ✅ ETL Process Completed Successfully.
2026-03-03 12:08:07: 
2026-03-03 12:10:00: [2026-03-03 12:10:00.054344] 🚀 ETL Process Started.
2026-03-03 12:10:00: [2026-03-03 12:10:00.054391] 📥 Extracting data from source...
2026-03-03 12:10:02: [2026-03-03 12:10:02.054580] ⚙️  Transforming data (applying tax)...
2026-03-03 12:10:05: [2026-03-03 12:10:05.056380] 💾 Loading data into destination...
2026-03-03 12:10:07: [2026-03-03 12:10:07.063330] ✅ ETL Process Completed Successfully.
2026-03-03 12:10:07: 
2026-03-03 12:12:00: [2026-03-03 12:12:00.059462] 🚀 ETL Process Started.
2026-03-03 12:12:00: [2026-03-03 12:12:00.059508] 📥 Extracting data from source...
2026-03-03 12:12:02: [2026-03-03 12:12:02.063697] ⚙️  Transforming data (applying tax)...
2026-03-03 12:12:05: [2026-03-03 12:12:05.067890] 💾 Loading data into destination...
2026-03-03 12:12:07: [2026-03-03 12:12:07.072444] ✅ ETL Process Completed Successfully.
2026-03-03 12:12:07: 
2026-03-03 12:14:00: [2026-03-03 12:14:00.124378] 🚀 ETL Process Started.
2026-03-03 12:14:00: [2026-03-03 12:14:00.124454] 📥 Extracting data from source...
2026-03-03 12:14:02: [2026-03-03 12:14:02.128458] ⚙️  Transforming data (applying tax)...
2026-03-03 12:14:05: [2026-03-03 12:14:05.134081] 💾 Loading data into destination...
2026-03-03 12:14:05: 
2026-03-03 12:14:07: [2026-03-03 12:14:07.141232] ✅ ETL Process Completed Successfully.
2026-03-03 12:14:07: 
2026-03-03 12:16:00: [2026-03-03 12:16:00.055309] 🚀 ETL Process Started.
2026-03-03 12:16:00: [2026-03-03 12:16:00.055356] 📥 Extracting data from source...
2026-03-03 12:16:02: [2026-03-03 12:16:02.060216] ⚙️  Transforming data (applying tax)...
2026-03-03 12:16:05: [2026-03-03 12:16:05.063642] 💾 Loading data into destination...
2026-03-03 12:16:07: [2026-03-03 12:16:07.071416] ✅ ETL Process Completed Successfully.
2026-03-03 12:16:07: 
2026-03-03 12:18:00: [2026-03-03 12:18:00.055631] 🚀 ETL Process Started.
2026-03-03 12:18:00: [2026-03-03 12:18:00.055681] 📥 Extracting data from source...
2026-03-03 12:18:02: [2026-03-03 12:18:02.058522] ⚙️  Transforming data (applying tax)...
2026-03-03 12:18:05: [2026-03-03 12:18:05.063616] 💾 Loading data into destination...
2026-03-03 12:18:07: [2026-03-03 12:18:07.071326] ✅ ETL Process Completed Successfully.
2026-03-03 12:18:07: 
2026-03-03 12:20:00: [2026-03-03 12:20:00.053770] 🚀 ETL Process Started.
2026-03-03 12:20:00: [2026-03-03 12:20:00.053814] 📥 Extracting data from source...
2026-03-03 12:20:02: [2026-03-03 12:20:02.056668] ⚙️  Transforming data (applying tax)...
2026-03-03 12:20:05: [2026-03-03 12:20:05.058164] 💾 Loading data into destination...
2026-03-03 12:20:07: [2026-03-03 12:20:07.061946] ✅ ETL Process Completed Successfully.
2026-03-03 12:20:07: 
2026-03-03 12:22:00: [2026-03-03 12:22:00.053216] 🚀 ETL Process Started.
2026-03-03 12:22:00: [2026-03-03 12:22:00.053259] 📥 Extracting data from source...
2026-03-03 12:22:02: [2026-03-03 12:22:02.053376] ⚙️  Transforming data (applying tax)...
2026-03-03 12:22:05: [2026-03-03 12:22:05.053715] 💾 Loading data into destination...
2026-03-03 12:22:07: [2026-03-03 12:22:07.059450] ✅ ETL Process Completed Successfully.
2026-03-03 12:22:07: 
2026-03-03 12:24:00: [2026-03-03 12:24:00.054399] 🚀 ETL Process Started.
2026-03-03 12:24:00: [2026-03-03 12:24:00.054444] 📥 Extracting data from source...
2026-03-03 12:24:02: [2026-03-03 12:24:02.056019] ⚙️  Transforming data (applying tax)...
2026-03-03 12:24:05: [2026-03-03 12:24:05.061036] 💾 Loading data into destination...
2026-03-03 12:24:07: [2026-03-03 12:24:07.068208] ✅ ETL Process Completed Successfully.
2026-03-03 12:24:07: 
2026-03-03 12:26:00: [2026-03-03 12:26:00.080646] 🚀 ETL Process Started.
2026-03-03 12:26:00: [2026-03-03 12:26:00.080696] 📥 Extracting data from source...
2026-03-03 12:26:02: [2026-03-03 12:26:02.081723] ⚙️  Transforming data (applying tax)...
2026-03-03 12:26:05: [2026-03-03 12:26:05.086068] 💾 Loading data into destination...
2026-03-03 12:26:07: [2026-03-03 12:26:07.092997] ✅ ETL Process Completed Successfully.
2026-03-03 12:26:07: 
2026-03-03 12:28:00: [2026-03-03 12:28:00.053880] 🚀 ETL Process Started.
2026-03-03 12:28:00: [2026-03-03 12:28:00.053926] 📥 Extracting data from source...
2026-03-03 12:28:02: [2026-03-03 12:28:02.057842] ⚙️  Transforming data (applying tax)...
2026-03-03 12:28:02: 
2026-03-03 12:28:05: [2026-03-03 12:28:05.059508] 💾 Loading data into destination...
2026-03-03 12:28:07: [2026-03-03 12:28:07.062452] ✅ ETL Process Completed Successfully.
2026-03-03 12:28:07: 
2026-03-03 12:30:00: [2026-03-03 12:30:00.059572] 🚀 ETL Process Started.
2026-03-03 12:30:00: [2026-03-03 12:30:00.059616] 📥 Extracting data from source...
2026-03-03 12:30:02: [2026-03-03 12:30:02.064821] ⚙️  Transforming data (applying tax)...
2026-03-03 12:30:05: [2026-03-03 12:30:05.069166] 💾 Loading data into destination...
2026-03-03 12:30:07: [2026-03-03 12:30:07.074846] ✅ ETL Process Completed Successfully.
2026-03-03 12:30:07: 
2026-03-03 12:32:00: [2026-03-03 12:32:00.052708] 🚀 ETL Process Started.
2026-03-03 12:32:00: [2026-03-03 12:32:00.052756] 📥 Extracting data from source...
2026-03-03 12:32:02: [2026-03-03 12:32:02.053462] ⚙️  Transforming data (applying tax)...
2026-03-03 12:32:05: [2026-03-03 12:32:05.057338] 💾 Loading data into destination...
2026-03-03 12:32:07: [2026-03-03 12:32:07.061510] ✅ ETL Process Completed Successfully.
2026-03-03 12:32:07: 
2026-03-03 12:34:00: [2026-03-03 12:34:00.057823] 🚀 ETL Process Started.
2026-03-03 12:34:00: [2026-03-03 12:34:00.057869] 📥 Extracting data from source...
2026-03-03 12:34:02: [2026-03-03 12:34:02.058991] ⚙️  Transforming data (applying tax)...
2026-03-03 12:34:05: [2026-03-03 12:34:05.060219] 💾 Loading data into destination...
2026-03-03 12:34:07: [2026-03-03 12:34:07.065934] ✅ ETL Process Completed Successfully.
2026-03-03 12:34:07: 
2026-03-03 12:36:00: [2026-03-03 12:36:00.133981] 🚀 ETL Process Started.
2026-03-03 12:36:00: 
2026-03-03 12:36:00: [2026-03-03 12:36:00.134672] 📥 Extracting data from source...
2026-03-03 12:36:02: [2026-03-03 12:36:02.182201] ⚙️  Transforming data (applying tax)...
2026-03-03 12:36:05: [2026-03-03 12:36:05.186035] 💾 Loading data into destination...
2026-03-03 12:36:07: [2026-03-03 12:36:07.200113] ✅ ETL Process Completed Successfully.
2026-03-03 12:36:07: 
2026-03-03 12:38:00: [2026-03-03 12:38:00.103022] 🚀 ETL Process Started.
2026-03-03 12:38:00: [2026-03-03 12:38:00.103099] 📥 Extracting data from source...
2026-03-03 12:38:02: [2026-03-03 12:38:02.108315] ⚙️  Transforming data (applying tax)...
2026-03-03 12:38:05: [2026-03-03 12:38:05.110438] 💾 Loading data into destination...
2026-03-03 12:38:07: [2026-03-03 12:38:07.150293] ✅ ETL Process Completed Successfully.
2026-03-03 12:38:07: 
2026-03-03 12:40:22: [2026-03-03 12:40:21.434213] 🚀 ETL Process Started.
2026-03-03 12:40:22: [2026-03-03 12:40:21.450731] 📥 Extracting data from source...
2026-03-03 12:40:23: [2026-03-03 12:40:23.455224] ⚙️  Transforming data (applying tax)...
2026-03-03 12:40:26: [2026-03-03 12:40:26.468278] 💾 Loading data into destination...
2026-03-03 12:40:28: [2026-03-03 12:40:28.529130] ✅ ETL Process Completed Successfully.
2026-03-03 12:40:28: 
2026-03-03 12:42:00: [2026-03-03 12:42:00.078677] 🚀 ETL Process Started.
2026-03-03 12:42:00: 
2026-03-03 12:42:00: [2026-03-03 12:42:00.079672] 📥 Extracting data from source...
2026-03-03 12:42:00: 
2026-03-03 12:42:02: [2026-03-03 12:42:02.080528] ⚙️  Transforming data (applying tax)...
2026-03-03 12:42:05: [2026-03-03 12:42:05.085847] 💾 Loading data into destination...
2026-03-03 12:42:07: [2026-03-03 12:42:07.095606] ✅ ETL Process Completed Successfully.
2026-03-03 12:42:07: 
2026-03-03 12:44:00: [2026-03-03 12:44:00.052809] 🚀 ETL Process Started.
2026-03-03 12:44:00: [2026-03-03 12:44:00.052854] 📥 Extracting data from source...
2026-03-03 12:44:02: [2026-03-03 12:44:02.058078] ⚙️  Transforming data (applying tax)...
2026-03-03 12:44:05: [2026-03-03 12:44:05.062078] 💾 Loading data into destination...
2026-03-03 12:44:07: [2026-03-03 12:44:07.066426] ✅ ETL Process Completed Successfully.
2026-03-03 12:44:07: 
2026-03-03 12:46:00: [2026-03-03 12:46:00.095973] 🚀 ETL Process Started.
2026-03-03 12:46:00: [2026-03-03 12:46:00.096062] 📥 Extracting data from source...
2026-03-03 12:46:02: [2026-03-03 12:46:02.098151] ⚙️  Transforming data (applying tax)...
2026-03-03 12:46:05: [2026-03-03 12:46:05.101878] 💾 Loading data into destination...
2026-03-03 12:46:07: [2026-03-03 12:46:07.104942] ✅ ETL Process Completed Successfully.
2026-03-03 12:46:07: 
