2026-03-03 19:18:49: 
2026-03-03 19:18:49: --- Pipeline Started at 2026-03-03 19:18:49.609840 ---
2026-03-03 19:18:49: [2026-03-03 19:18:49.609909] 🚀 Running test-pmt.py (Attempt 1/3)
2026-03-03 19:18:49: [2026-03-03 19:18:49.695171] 🚀 ETL Process Started.
2026-03-03 19:18:49: [2026-03-03 19:18:49.695229] 📥 Extracting data from source...
2026-03-03 19:18:51: [2026-03-03 19:18:51.696106] ⚙️  Transforming data (applying tax)...
2026-03-03 19:18:54: [2026-03-03 19:18:54.697170] 💾 Loading data into destination...
2026-03-03 19:18:56: [2026-03-03 19:18:56.702672] ✅ ETL Process Completed Successfully.
2026-03-03 19:18:56: 
2026-03-03 19:18:56: [2026-03-03 19:18:56.708944] ✅ test-pmt.py succeeded.
2026-03-03 19:18:56: [2026-03-03 19:18:56.709022] 🚀 Running test-pmt2.py (Attempt 1/3)
2026-03-03 19:18:56: [2026-03-03 19:18:56.755349] 🚀 ETL 2 Started.
2026-03-03 19:18:56: [2026-03-03 19:18:56.756853] ❌ ETL Failed: name 'agggg' is not defined
2026-03-03 19:18:56: [2026-03-03 19:18:56.762193] ⚠️  test-pmt2.py failed.
2026-03-03 19:18:56: [2026-03-03 19:18:56.762264] 😴 Retrying in 10s...
2026-03-03 19:20:54: 
2026-03-03 19:20:54: --- Pipeline Started at 2026-03-03 19:20:54.718871 ---
2026-03-03 19:20:54: [2026-03-03 19:20:54.718929] 🚀 Running test-pmt.py (Attempt 1/3)
2026-03-03 19:20:54: [2026-03-03 19:20:54.780892] 🚀 ETL Process Started.
2026-03-03 19:20:54: [2026-03-03 19:20:54.780936] 📥 Extracting data from source...
2026-03-03 19:20:56: [2026-03-03 19:20:56.785672] ⚙️  Transforming data (applying tax)...
2026-03-03 19:20:59: [2026-03-03 19:20:59.787400] 💾 Loading data into destination...
2026-03-03 19:21:01: [2026-03-03 19:21:01.790164] ✅ ETL Process Completed Successfully.
2026-03-03 19:21:01: 
2026-03-03 19:21:01: [2026-03-03 19:21:01.797103] ✅ test-pmt.py succeeded.
2026-03-03 19:21:01: [2026-03-03 19:21:01.797205] 🚀 Running test-pmt2.py (Attempt 1/3)
2026-03-03 19:21:01: [2026-03-03 19:21:01.992869] 🚀 ETL 2 Started.
2026-03-03 19:21:01: 
2026-03-03 19:21:01: [2026-03-03 19:21:01.995121] ❌ ETL Failed: name 'agggg' is not defined
2026-03-03 19:21:01: 
2026-03-03 19:21:02: [2026-03-03 19:21:02.008457] ⚠️  test-pmt2.py failed.
2026-03-03 19:21:02: [2026-03-03 19:21:02.008541] 😴 Retrying in 10s...
2026-03-03 19:21:12: [2026-03-03 19:21:12.009163] 🚀 Running test-pmt2.py (Attempt 2/3)
2026-03-03 19:21:12: [2026-03-03 19:21:12.065425] 🚀 ETL 2 Started.
2026-03-03 19:21:12: [2026-03-03 19:21:12.065475] ❌ ETL Failed: name 'agggg' is not defined
2026-03-03 19:21:12: [2026-03-03 19:21:12.072392] ⚠️  test-pmt2.py failed.
2026-03-03 19:21:12: [2026-03-03 19:21:12.072470] 😴 Retrying in 10s...
2026-03-03 19:21:22: [2026-03-03 19:21:22.076567] 🚀 Running test-pmt2.py (Attempt 3/3)
2026-03-03 19:21:22: [2026-03-03 19:21:22.136071] 🚀 ETL 2 Started.
2026-03-03 19:21:22: [2026-03-03 19:21:22.136125] ❌ ETL Failed: name 'agggg' is not defined
2026-03-03 19:21:22: [2026-03-03 19:21:22.142659] ⚠️  test-pmt2.py failed.
2026-03-03 19:21:22: [2026-03-03 19:21:22.142721] ❌ test-pmt2.py failed after 3 attempts.
2026-03-03 19:21:22: --- Pipeline ABORTED at test-pmt2.py ---
2026-03-03 19:21:22: 
2026-03-03 19:23:00: 
2026-03-03 19:23:00: --- Pipeline Started at 2026-03-03 19:23:00.215828 ---
2026-03-03 19:23:00: [2026-03-03 19:23:00.215872] 🚀 Running test-pmt.py (Attempt 1/3)
2026-03-03 19:23:00: [2026-03-03 19:23:00.271070] 🚀 ETL Process Started.
2026-03-03 19:23:00: [2026-03-03 19:23:00.271113] 📥 Extracting data from source...
2026-03-03 19:23:02: [2026-03-03 19:23:02.271601] ⚙️  Transforming data (applying tax)...
2026-03-03 19:23:05: [2026-03-03 19:23:05.274336] 💾 Loading data into destination...
2026-03-03 19:23:07: [2026-03-03 19:23:07.279013] ✅ ETL Process Completed Successfully.
2026-03-03 19:23:07: 
2026-03-03 19:23:07: [2026-03-03 19:23:07.285059] ✅ test-pmt.py succeeded.
2026-03-03 19:23:07: [2026-03-03 19:23:07.285138] 🚀 Running test-pmt2.py (Attempt 1/3)
2026-03-03 19:23:07: [2026-03-03 19:23:07.345019] 🚀 ETL 2 Started.
2026-03-03 19:23:07: [2026-03-03 19:23:07.345145] ❌ ETL Failed: name 'agggg' is not defined
2026-03-03 19:23:07: [2026-03-03 19:23:07.350896] ⚠️  test-pmt2.py failed.
2026-03-03 19:23:07: [2026-03-03 19:23:07.350954] 😴 Retrying in 10s...
2026-03-03 19:23:17: [2026-03-03 19:23:17.353485] 🚀 Running test-pmt2.py (Attempt 2/3)
2026-03-03 19:23:17: [2026-03-03 19:23:17.415401] 🚀 ETL 2 Started.
2026-03-03 19:23:17: [2026-03-03 19:23:17.415455] ❌ ETL Failed: name 'agggg' is not defined
2026-03-03 19:23:17: [2026-03-03 19:23:17.421601] ⚠️  test-pmt2.py failed.
2026-03-03 19:23:17: [2026-03-03 19:23:17.421676] 😴 Retrying in 10s...
2026-03-03 19:23:27: [2026-03-03 19:23:27.425173] 🚀 Running test-pmt2.py (Attempt 3/3)
2026-03-03 19:23:27: [2026-03-03 19:23:27.478066] 🚀 ETL 2 Started.
2026-03-03 19:23:27: [2026-03-03 19:23:27.478118] ❌ ETL Failed: name 'agggg' is not defined
2026-03-03 19:23:27: [2026-03-03 19:23:27.483860] ⚠️  test-pmt2.py failed.
2026-03-03 19:23:27: [2026-03-03 19:23:27.483918] ❌ test-pmt2.py failed after 3 attempts.
2026-03-03 19:23:27: --- Pipeline ABORTED at test-pmt2.py ---
2026-03-03 19:23:27: 
2026-03-03 19:36:35: 
2026-03-03 19:36:35: --- Pipeline Started at 2026-03-03 19:36:35.303773 ---
2026-03-03 19:36:35: [2026-03-03 19:36:35.303855] 🚀 Running test-pmt.py (Attempt 1/3)
2026-03-03 19:36:35: [2026-03-03 19:36:35.395475] 🚀 ETL Process Started.
2026-03-03 19:36:35: [2026-03-03 19:36:35.395544] 📥 Extracting data from source...
2026-03-03 19:36:37: [2026-03-03 19:36:37.396517] ⚙️  Transforming data (applying tax)...
2026-03-03 19:36:40: [2026-03-03 19:36:40.398602] 💾 Loading data into destination...
2026-03-03 19:36:42: [2026-03-03 19:36:42.402486] ✅ ETL Process Completed Successfully.
2026-03-03 19:36:42: 
2026-03-03 19:36:42: [2026-03-03 19:36:42.409292] ✅ test-pmt.py succeeded.
2026-03-03 19:36:42: [2026-03-03 19:36:42.409396] 🚀 Running test-pmt2.py (Attempt 1/3)
2026-03-03 19:36:42: [2026-03-03 19:36:42.461776] 🚀 ETL 2 Started.
2026-03-03 19:36:42: [2026-03-03 19:36:42.461832] ❌ ETL Failed: name 'agggg' is not defined
2026-03-03 19:36:42: [2026-03-03 19:36:42.468052] ⚠️  test-pmt2.py failed.
2026-03-03 19:36:42: [2026-03-03 19:36:42.468177] 😴 Retrying in 10s...
2026-03-03 19:36:52: [2026-03-03 19:36:52.468945] 🚀 Running test-pmt2.py (Attempt 2/3)
2026-03-03 19:36:52: [2026-03-03 19:36:52.519414] 🚀 ETL 2 Started.
2026-03-03 19:36:52: 
2026-03-03 19:36:52: [2026-03-03 19:36:52.526913] ⚠️  test-pmt2.py failed.
2026-03-03 19:36:52: [2026-03-03 19:36:52.526973] 😴 Retrying in 10s...
2026-03-03 19:37:02: [2026-03-03 19:37:02.532304] 🚀 Running test-pmt2.py (Attempt 3/3)
2026-03-03 19:37:02: [2026-03-03 19:37:02.591202] 🚀 ETL 2 Started.
2026-03-03 19:37:02: [2026-03-03 19:37:02.591255] ❌ ETL Failed: name 'agggg' is not defined
2026-03-03 19:37:02: [2026-03-03 19:37:02.598180] ⚠️  test-pmt2.py failed.
2026-03-03 19:37:02: [2026-03-03 19:37:02.598248] ❌ test-pmt2.py failed after 3 attempts.
2026-03-03 19:37:02: [2026-03-03 19:37:02.598282] ⏭️  Moving to next script despite failure...
2026-03-03 19:37:02: [2026-03-03 19:37:02.598299] 🚀 Running test-pmt3.py (Attempt 1/3)
2026-03-03 19:37:02: [2026-03-03 19:37:02.672835] 🚀 ETL 3 Started.
2026-03-03 19:37:02: [2026-03-03 19:37:02.672885] 📥 Extracting 3 from source...
2026-03-03 19:37:04: [2026-03-03 19:37:04.673222] ⚙️  Transforming 3 (applying tax)...
2026-03-03 19:37:07: [2026-03-03 19:37:07.675340] 💾 Loading 3 into destination...
2026-03-03 19:37:09: [2026-03-03 19:37:09.681809] ✅ ETL 3 Completed Successfully.
2026-03-03 19:37:09: 
2026-03-03 19:37:09: [2026-03-03 19:37:09.687858] ✅ test-pmt3.py succeeded.
2026-03-03 19:37:09: 
2026-03-03 19:37:09: --- Pipeline Finished in 0.57 mins ---
2026-03-03 19:37:09: SUMMARY:
2026-03-03 19:37:09:  ✅ test-pmt.py: SUCCESS
2026-03-03 19:37:09:  ❌ test-pmt2.py: FAILED
2026-03-03 19:37:09:  ✅ test-pmt3.py: SUCCESS
2026-03-03 19:37:09: 
2026-03-03 19:37:09: Final Status: Completed with errors.
2026-03-03 19:37:09: 
2026-03-03 19:38:00: 
2026-03-03 19:38:00: --- Pipeline Started at 2026-03-03 19:38:00.093796 ---
2026-03-03 19:38:00: [2026-03-03 19:38:00.093838] 🚀 Running test-pmt.py (Attempt 1/3)
2026-03-03 19:38:00: [2026-03-03 19:38:00.153266] 🚀 ETL Process Started.
2026-03-03 19:38:00: [2026-03-03 19:38:00.153322] 📥 Extracting data from source...
2026-03-03 19:38:02: [2026-03-03 19:38:02.157625] ⚙️  Transforming data (applying tax)...
2026-03-03 19:38:05: [2026-03-03 19:38:05.158900] 💾 Loading data into destination...
2026-03-03 19:38:07: [2026-03-03 19:38:07.164561] ✅ ETL Process Completed Successfully.
2026-03-03 19:38:07: 
2026-03-03 19:38:07: [2026-03-03 19:38:07.170438] ✅ test-pmt.py succeeded.
2026-03-03 19:38:07: [2026-03-03 19:38:07.170506] 🚀 Running test-pmt2.py (Attempt 1/3)
2026-03-03 19:38:07: [2026-03-03 19:38:07.232774] 🚀 ETL 2 Started.
2026-03-03 19:38:07: [2026-03-03 19:38:07.232831] ❌ ETL Failed: name 'agggg' is not defined
2026-03-03 19:38:07: [2026-03-03 19:38:07.239534] ⚠️  test-pmt2.py failed.
2026-03-03 19:38:07: [2026-03-03 19:38:07.239947] 😴 Retrying in 10s...
2026-03-03 19:38:17: [2026-03-03 19:38:17.244954] 🚀 Running test-pmt2.py (Attempt 2/3)
2026-03-03 19:38:17: [2026-03-03 19:38:17.303055] 🚀 ETL 2 Started.
2026-03-03 19:38:17: [2026-03-03 19:38:17.303205] ❌ ETL Failed: name 'agggg' is not defined
2026-03-03 19:38:17: [2026-03-03 19:38:17.309989] ⚠️  test-pmt2.py failed.
2026-03-03 19:38:17: [2026-03-03 19:38:17.310098] 😴 Retrying in 10s...
2026-03-03 19:38:27: [2026-03-03 19:38:27.317098] 🚀 Running test-pmt2.py (Attempt 3/3)
2026-03-03 19:38:27: [2026-03-03 19:38:27.380820] 🚀 ETL 2 Started.
2026-03-03 19:38:27: [2026-03-03 19:38:27.380875] ❌ ETL Failed: name 'agggg' is not defined
2026-03-03 19:38:27: [2026-03-03 19:38:27.388894] ⚠️  test-pmt2.py failed.
2026-03-03 19:38:27: [2026-03-03 19:38:27.388967] ❌ test-pmt2.py failed after 3 attempts.
2026-03-03 19:38:27: [2026-03-03 19:38:27.389011] ⏭️  Moving to next script despite failure...
2026-03-03 19:38:27: [2026-03-03 19:38:27.389032] 🚀 Running test-pmt3.py (Attempt 1/3)
2026-03-03 19:38:27: [2026-03-03 19:38:27.456525] 🚀 ETL 3 Started.
2026-03-03 19:38:27: [2026-03-03 19:38:27.456627] 📥 Extracting 3 from source...
2026-03-03 19:38:29: [2026-03-03 19:38:29.467542] ⚙️  Transforming 3 (applying tax)...
2026-03-03 19:38:32: [2026-03-03 19:38:32.476223] 💾 Loading 3 into destination...
2026-03-03 19:38:34: [2026-03-03 19:38:34.486291] ✅ ETL 3 Completed Successfully.
2026-03-03 19:38:34: 
2026-03-03 19:38:34: [2026-03-03 19:38:34.492576] ✅ test-pmt3.py succeeded.
2026-03-03 19:38:34: 
2026-03-03 19:38:34: --- Pipeline Finished in 0.57 mins ---
2026-03-03 19:38:34: SUMMARY:
2026-03-03 19:38:34:  ✅ test-pmt.py: SUCCESS
2026-03-03 19:38:34:  ❌ test-pmt2.py: FAILED
2026-03-03 19:38:34:  ✅ test-pmt3.py: SUCCESS
2026-03-03 19:38:34: 
2026-03-03 19:38:34: Final Status: Completed with errors.
2026-03-03 19:38:34: 
2026-03-03 20:58:01: 
2026-03-03 20:58:01: --- Pipeline Started at 2026-03-03 20:58:01.349002 ---
2026-03-03 20:58:01: [2026-03-03 20:58:01.349078] 🚀 Running test-pmt.py (Attempt 1/3)
2026-03-03 20:58:01: [2026-03-03 20:58:01.418670] 🚀 ETL Process Started.
2026-03-03 20:58:01: 
2026-03-03 20:58:01: [2026-03-03 20:58:01.418797] 📥 Extracting data from source...
2026-03-03 20:58:03: [2026-03-03 20:58:03.419638] ⚙️  Transforming data (applying tax)...
2026-03-03 20:58:06: [2026-03-03 20:58:06.420017] 💾 Loading data into destination...
2026-03-03 20:58:35: 
2026-03-03 20:58:35: --- Pipeline Started at 2026-03-03 20:58:35.394295 ---
2026-03-03 20:58:35: 
2026-03-03 20:58:35: [2026-03-03 20:58:35.442524] 🚀 ETL Process Started.
2026-03-03 20:58:35: [2026-03-03 20:58:35.442571] 📥 Extracting data from source...
2026-03-03 20:58:37: [2026-03-03 20:58:37.443859] ⚙️  Transforming data (applying tax)...
2026-03-03 20:58:40: [2026-03-03 20:58:40.444681] 💾 Loading data into destination...
2026-03-03 20:58:40: 
2026-03-03 20:58:40: --- Pipeline Started at 2026-03-03 20:58:40.886498 ---
2026-03-03 20:58:40: [2026-03-03 20:58:40.886573] 🚀 Running test-pmt.py (Attempt 1/3)
2026-03-03 20:58:40: [2026-03-03 20:58:40.934418] 🚀 ETL Process Started.
2026-03-03 20:58:40: [2026-03-03 20:58:40.934462] 📥 Extracting data from source...
2026-03-03 20:58:42: [2026-03-03 20:58:42.937107] ⚙️  Transforming data (applying tax)...
2026-03-03 20:58:45: [2026-03-03 20:58:45.938994] 💾 Loading data into destination...
2026-03-03 20:58:47: [2026-03-03 20:58:47.945539] ✅ ETL Process Completed Successfully.
2026-03-03 20:58:47: 
2026-03-03 20:58:47: [2026-03-03 20:58:47.950491] ✅ test-pmt.py succeeded.
2026-03-03 20:58:47: [2026-03-03 20:58:47.950624] 🚀 Running test-pmt2.py (Attempt 1/3)
2026-03-03 20:58:47: [2026-03-03 20:58:47.983925] 🚀 ETL 2 Started.
2026-03-03 20:58:47: [2026-03-03 20:58:47.983976] ❌ ETL Failed: name 'agggg' is not defined
2026-03-03 20:58:47: [2026-03-03 20:58:47.988211] ⚠️  test-pmt2.py failed.
2026-03-03 20:58:47: [2026-03-03 20:58:47.988273] 😴 Retrying in 10s...
2026-03-03 20:58:57: [2026-03-03 20:58:57.992598] 🚀 Running test-pmt2.py (Attempt 2/3)
2026-03-03 20:58:58: [2026-03-03 20:58:58.069104] 🚀 ETL 2 Started.
2026-03-03 20:58:58: [2026-03-03 20:58:58.069239] ❌ ETL Failed: name 'agggg' is not defined
2026-03-03 20:58:58: [2026-03-03 20:58:58.076819] ⚠️  test-pmt2.py failed.
2026-03-03 20:58:58: 
2026-03-03 20:58:58: [2026-03-03 20:58:58.077002] 😴 Retrying in 10s...
2026-03-03 20:59:08: [2026-03-03 20:59:08.081974] 🚀 Running test-pmt2.py (Attempt 3/3)
2026-03-03 20:59:08: 
2026-03-03 20:59:08: [2026-03-03 20:59:08.142322] 🚀 ETL 2 Started.
2026-03-03 20:59:08: [2026-03-03 20:59:08.142372] ❌ ETL Failed: name 'agggg' is not defined
2026-03-03 20:59:08: [2026-03-03 20:59:08.148127] ⚠️  test-pmt2.py failed.
2026-03-03 20:59:08: [2026-03-03 20:59:08.148199] ❌ test-pmt2.py failed after 3 attempts.
2026-03-03 20:59:58: 
2026-03-03 20:59:58: --- Pipeline Started at 2026-03-03 20:59:58.086879 ---
2026-03-03 20:59:58: [2026-03-03 20:59:58.086947] 🚀 Running test-pmt.py (Attempt 1/3)
2026-03-03 20:59:58: [2026-03-03 20:59:58.144962] 🚀 ETL Process Started.
2026-03-03 20:59:58: [2026-03-03 20:59:58.145011] 📥 Extracting data from source...
2026-03-03 21:00:00: [2026-03-03 21:00:00.147277] ⚙️  Transforming data (applying tax)...
2026-03-03 21:00:03: [2026-03-03 21:00:03.151450] 💾 Loading data into destination...
2026-03-03 21:00:05: [2026-03-03 21:00:05.156530] ✅ ETL Process Completed Successfully.
2026-03-03 21:00:05: 
2026-03-03 21:00:05: [2026-03-03 21:00:05.161952] ✅ test-pmt.py succeeded.
2026-03-03 21:00:05: [2026-03-03 21:00:05.162022] 🚀 Running test-pmt2.py (Attempt 1/3)
2026-03-03 21:00:05: [2026-03-03 21:00:05.209913] 🚀 ETL 2 Started.
2026-03-03 21:00:05: [2026-03-03 21:00:05.209967] ❌ ETL Failed: name 'agggg' is not defined
2026-03-03 21:00:05: [2026-03-03 21:00:05.215163] ⚠️  test-pmt2.py failed.
2026-03-03 21:00:05: [2026-03-03 21:00:05.215218] 😴 Retrying in 10s...
2026-03-03 21:00:15: [2026-03-03 21:00:15.220156] 🚀 Running test-pmt2.py (Attempt 2/3)
2026-03-03 21:00:15: [2026-03-03 21:00:15.269813] 🚀 ETL 2 Started.
2026-03-03 21:00:15: [2026-03-03 21:00:15.269865] ❌ ETL Failed: name 'agggg' is not defined
2026-03-03 21:00:15: [2026-03-03 21:00:15.274758] ⚠️  test-pmt2.py failed.
2026-03-03 21:00:15: [2026-03-03 21:00:15.274819] 😴 Retrying in 10s...
2026-03-03 21:00:25: [2026-03-03 21:00:25.279716] 🚀 Running test-pmt2.py (Attempt 3/3)
2026-03-03 21:00:25: [2026-03-03 21:00:25.325128] 🚀 ETL 2 Started.
2026-03-03 21:00:25: [2026-03-03 21:00:25.325180] ❌ ETL Failed: name 'agggg' is not defined
2026-03-03 21:00:25: [2026-03-03 21:00:25.329829] ⚠️  test-pmt2.py failed.
2026-03-03 21:00:25: [2026-03-03 21:00:25.329895] ❌ test-pmt2.py failed after 3 attempts.
2026-03-03 21:00:25: [2026-03-03 21:00:25.329935] ⏭️  Moving to next script despite failure...
2026-03-03 21:00:25: [2026-03-03 21:00:25.329952] 🚀 Running test-pmt3.py (Attempt 1/3)
2026-03-03 21:00:25: [2026-03-03 21:00:25.370002] 🚀 ETL 3 Started.
2026-03-03 21:00:25: [2026-03-03 21:00:25.370050] 📥 Extracting 3 from source...
2026-03-03 21:00:27: [2026-03-03 21:00:27.373514] ⚙️  Transforming 3 (applying tax)...
2026-03-03 21:00:30: [2026-03-03 21:00:30.377464] 💾 Loading 3 into destination...
2026-03-03 21:00:32: [2026-03-03 21:00:32.382141] ✅ ETL 3 Completed Successfully.
2026-03-03 21:00:32: 
2026-03-03 21:00:32: [2026-03-03 21:00:32.387245] ✅ test-pmt3.py succeeded.
2026-03-03 21:00:32: 
2026-03-03 21:00:32: --- Pipeline Finished in 0.57 mins ---
2026-03-03 21:00:32: SUMMARY:
2026-03-03 21:00:32:  ✅ test-pmt.py: SUCCESS
2026-03-03 21:00:32:  ❌ test-pmt2.py: FAILED
2026-03-03 21:00:32:  ✅ test-pmt3.py: SUCCESS
2026-03-03 21:00:32: 
2026-03-03 21:00:32: Final Status: Completed with errors.
2026-03-03 21:00:32: 
2026-03-03 21:01:00: 
2026-03-03 21:01:00: --- Pipeline Started at 2026-03-03 21:01:00.054607 ---
2026-03-03 21:01:00: [2026-03-03 21:01:00.054650] 🚀 Running test-pmt.py (Attempt 1/3)
2026-03-03 21:01:00: [2026-03-03 21:01:00.098836] 🚀 ETL Process Started.
2026-03-03 21:01:00: [2026-03-03 21:01:00.098906] 📥 Extracting data from source...
2026-03-03 21:01:02: [2026-03-03 21:01:02.102749] ⚙️  Transforming data (applying tax)...
2026-03-03 21:01:05: [2026-03-03 21:01:05.103961] 💾 Loading data into destination...
2026-03-03 21:01:07: [2026-03-03 21:01:07.109202] ✅ ETL Process Completed Successfully.
2026-03-03 21:01:07: 
2026-03-03 21:01:07: [2026-03-03 21:01:07.114731] ✅ test-pmt.py succeeded.
2026-03-03 21:01:07: [2026-03-03 21:01:07.114800] 🚀 Running test-pmt2.py (Attempt 1/3)
2026-03-03 21:01:07: [2026-03-03 21:01:07.162201] 🚀 ETL 2 Started.
2026-03-03 21:01:07: [2026-03-03 21:01:07.162257] ❌ ETL Failed: name 'agggg' is not defined
2026-03-03 21:01:07: [2026-03-03 21:01:07.167005] ⚠️  test-pmt2.py failed.
2026-03-03 21:01:07: [2026-03-03 21:01:07.167061] 😴 Retrying in 10s...
2026-03-03 21:01:17: [2026-03-03 21:01:17.172634] 🚀 Running test-pmt2.py (Attempt 2/3)
2026-03-03 21:01:17: [2026-03-03 21:01:17.222488] 🚀 ETL 2 Started.
2026-03-03 21:01:17: [2026-03-03 21:01:17.222542] ❌ ETL Failed: name 'agggg' is not defined
2026-03-03 21:01:17: [2026-03-03 21:01:17.228042] ⚠️  test-pmt2.py failed.
2026-03-03 21:01:17: [2026-03-03 21:01:17.228098] 😴 Retrying in 10s...
2026-03-03 21:01:27: [2026-03-03 21:01:27.231398] 🚀 Running test-pmt2.py (Attempt 3/3)
2026-03-03 21:01:27: [2026-03-03 21:01:27.281309] 🚀 ETL 2 Started.
2026-03-03 21:01:27: [2026-03-03 21:01:27.281363] ❌ ETL Failed: name 'agggg' is not defined
2026-03-03 21:01:27: [2026-03-03 21:01:27.286051] ⚠️  test-pmt2.py failed.
2026-03-03 21:01:27: [2026-03-03 21:01:27.286123] ❌ test-pmt2.py failed after 3 attempts.
2026-03-03 21:01:27: [2026-03-03 21:01:27.286153] ⏭️  Moving to next script despite failure...
2026-03-03 21:01:27: [2026-03-03 21:01:27.286171] 🚀 Running test-pmt3.py (Attempt 1/3)
2026-03-03 21:01:27: [2026-03-03 21:01:27.329800] 🚀 ETL 3 Started.
2026-03-03 21:01:27: [2026-03-03 21:01:27.329847] 📥 Extracting 3 from source...
2026-03-03 21:01:29: [2026-03-03 21:01:29.334694] ⚙️  Transforming 3 (applying tax)...
2026-03-03 21:01:32: [2026-03-03 21:01:32.339288] 💾 Loading 3 into destination...
2026-03-03 21:01:34: [2026-03-03 21:01:34.342835] ✅ ETL 3 Completed Successfully.
2026-03-03 21:01:34: 
2026-03-03 21:01:34: [2026-03-03 21:01:34.348166] ✅ test-pmt3.py succeeded.
2026-03-03 21:01:34: 
2026-03-03 21:01:34: --- Pipeline Finished in 0.57 mins ---
2026-03-03 21:01:34: SUMMARY:
2026-03-03 21:01:34:  ✅ test-pmt.py: SUCCESS
2026-03-03 21:01:34:  ❌ test-pmt2.py: FAILED
2026-03-03 21:01:34:  ✅ test-pmt3.py: SUCCESS
2026-03-03 21:01:34: 
2026-03-03 21:01:34: Final Status: Completed with errors.
2026-03-03 21:01:34: 
